2024-09-29 13:14:55,496 [INFO] Activator:176 - 


2024-09-29 13:14:55,498 [INFO] Activator:177 - !SESSION log4j initialized
2024-09-29 13:14:56,991 [INFO] LogOutputStream:77 - [STDOUT_REDIRECT] 
2024-09-29 13:14:58,382 [INFO] ApplicationProperties:184 - Using Application install path: /opt/st/stm32cubeide_1.15.1/plugins/com.st.stm32cube.common.mx_6.11.1.202404110753
2024-09-29 13:14:58,391 [INFO] DbMcusXml:78 - Set database path to: /opt/st/stm32cubeide_1.15.1/plugins/com.st.stm32cube.common.mx_6.11.1.202404110753//db//mcu/
2024-09-29 13:14:58,391 [INFO] ApiDb:274 - Set plugin database path to: /opt/st/stm32cubeide_1.15.1/plugins/com.st.stm32cube.common.mx_6.11.1.202404110753//db//plugins/boardmanager/
2024-09-29 13:14:58,392 [WARN] ApiDb:259 - Overriding images path with different value:  => /opt/st/stm32cubeide_1.15.1/plugins/com.st.stm32cube.common.mx_6.11.1.202404110753//db//plugins/mcufinder/images/
2024-09-29 13:14:58,394 [INFO] ApiDb:250 - Set database path to: /home/matt/.stmcufinder/plugins/mcufinder//mcu/
2024-09-29 13:14:58,394 [INFO] DbMcusAds:125 - Set database path to: /home/matt/.stmcufinder/plugins/mcufinder//mcu/
2024-09-29 13:14:58,395 [INFO] CrossReferenceDbSqlite:203 - Set database path to: /home/matt/.stmcufinder/plugins/mcufinder//mcu/cs/
2024-09-29 13:14:58,483 [INFO] RulesReader:64 - Compatibility file has been processed (297 Rules)
2024-09-29 13:14:58,518 [INFO] DbMcusXml:78 - Set database path to: /opt/st/stm32cubeide_1.15.1/plugins/com.st.stm32cube.common.mx_6.11.1.202404110753//db//mcu/
2024-09-29 13:14:58,518 [INFO] ApiDb:274 - Set plugin database path to: /opt/st/stm32cubeide_1.15.1/plugins/com.st.stm32cube.common.mx_6.11.1.202404110753//db//plugins/boardmanager/
2024-09-29 13:14:58,518 [INFO] ApiDb:261 - Set plugin images path to: /opt/st/stm32cubeide_1.15.1/plugins/com.st.stm32cube.common.mx_6.11.1.202404110753//db//plugins/mcufinder/images/
2024-09-29 13:14:58,518 [WARN] DbFile:41 - Overriding database path with different value: /home/matt/.stmcufinder/plugins/mcufinder/ => /home/matt/.stmcufinder/plugins/mcufinder
2024-09-29 13:14:58,518 [INFO] ApiDb:250 - Set database path to: /home/matt/.stmcufinder/plugins/mcufinder//mcu/
2024-09-29 13:14:58,518 [WARN] DbFile:41 - Overriding database path with different value: /home/matt/.stmcufinder/plugins/mcufinder/ => /home/matt/.stmcufinder/plugins/mcufinder
2024-09-29 13:14:58,518 [INFO] DbMcusAds:125 - Set database path to: /home/matt/.stmcufinder/plugins/mcufinder//mcu/
2024-09-29 13:14:58,518 [WARN] DbFile:41 - Overriding database path with different value: /home/matt/.stmcufinder/plugins/mcufinder/ => /home/matt/.stmcufinder/plugins/mcufinder
2024-09-29 13:14:58,518 [WARN] DbFile:41 - Overriding database path with different value: /home/matt/.stmcufinder/plugins/mcufinder/ => /home/matt/.stmcufinder/plugins/mcufinder
2024-09-29 13:14:58,518 [INFO] CrossReferenceDbSqlite:203 - Set database path to: /home/matt/.stmcufinder/plugins/mcufinder//mcu/cs/
2024-09-29 13:14:58,556 [INFO] MainPanel:264 - HeapMemory: 268435456
2024-09-29 13:14:58,602 [INFO] DbMcusXml:78 - Set database path to: /opt/st/stm32cubeide_1.15.1/plugins/com.st.stm32cube.common.mx_6.11.1.202404110753//db//mcu/
2024-09-29 13:14:58,602 [INFO] ApiDb:274 - Set plugin database path to: /opt/st/stm32cubeide_1.15.1/plugins/com.st.stm32cube.common.mx_6.11.1.202404110753//db//plugins/boardmanager/
2024-09-29 13:14:58,602 [INFO] ApiDb:261 - Set plugin images path to: /opt/st/stm32cubeide_1.15.1/plugins/com.st.stm32cube.common.mx_6.11.1.202404110753//db//plugins/mcufinder/images/
2024-09-29 13:14:58,602 [WARN] DbFile:41 - Overriding database path with different value: /home/matt/.stmcufinder/plugins/mcufinder/ => /home/matt/.stmcufinder/plugins/mcufinder
2024-09-29 13:14:58,603 [INFO] ApiDb:250 - Set database path to: /home/matt/.stmcufinder/plugins/mcufinder//mcu/
2024-09-29 13:14:58,603 [WARN] DbFile:41 - Overriding database path with different value: /home/matt/.stmcufinder/plugins/mcufinder/ => /home/matt/.stmcufinder/plugins/mcufinder
2024-09-29 13:14:58,603 [INFO] DbMcusAds:125 - Set database path to: /home/matt/.stmcufinder/plugins/mcufinder//mcu/
2024-09-29 13:14:58,603 [WARN] DbFile:41 - Overriding database path with different value: /home/matt/.stmcufinder/plugins/mcufinder/ => /home/matt/.stmcufinder/plugins/mcufinder
2024-09-29 13:14:58,603 [WARN] DbFile:41 - Overriding database path with different value: /home/matt/.stmcufinder/plugins/mcufinder/ => /home/matt/.stmcufinder/plugins/mcufinder
2024-09-29 13:14:58,603 [INFO] CrossReferenceDbSqlite:203 - Set database path to: /home/matt/.stmcufinder/plugins/mcufinder//mcu/cs/
2024-09-29 13:14:58,614 [INFO] ApplicationProperties:184 - Using Application install path: /opt/st/stm32cubeide_1.15.1/plugins/com.st.stm32cube.common.mx_6.11.1.202404110753
2024-09-29 13:14:58,615 [INFO] PluginManage:196 - Search for loadable plugins [exclusion list=, ]
2024-09-29 13:14:58,615 [INFO] PluginManage:310 - Check plugin analytics
2024-09-29 13:14:58,729 [INFO] AnalyticsPlugin:253 - Accepted Software Licenses: 
2024-09-29 13:14:58,729 [INFO] AnalyticsPlugin:255 - Accepted CMSIS Pack Licenses: 
2024-09-29 13:14:58,729 [INFO] AnalyticsPlugin:257 - Accepted Firmware Licenses: 
2024-09-29 13:14:58,730 [INFO] PluginManage:359 - Loaded plugin analytics (category:tool,tabindex:-1)
2024-09-29 13:14:58,731 [INFO] PluginManage:310 - Check plugin cadmodel
2024-09-29 13:14:58,743 [INFO] CADModel:105 - Init CAD model plugin
2024-09-29 13:14:58,743 [INFO] PluginManage:359 - Loaded plugin cadmodel (category:power,tabindex:5)
2024-09-29 13:14:58,743 [INFO] PluginManage:310 - Check plugin clock
2024-09-29 13:14:58,750 [INFO] PluginManage:359 - Loaded plugin clock (category:base,tabindex:2)
2024-09-29 13:14:58,750 [INFO] PluginManage:310 - Check plugin ddr
2024-09-29 13:14:58,751 [INFO] PluginManage:359 - Loaded plugin ddr (category:tool,tabindex:6)
2024-09-29 13:14:58,751 [INFO] PluginManage:310 - Check plugin filemanager
2024-09-29 13:14:58,846 [INFO] PluginManage:359 - Loaded plugin filemanager (category:base,tabindex:10)
2024-09-29 13:14:58,846 [INFO] PluginManage:310 - Check plugin ipmanager
2024-09-29 13:14:58,849 [INFO] PluginManage:359 - Loaded plugin ipmanager (category:base,tabindex:5)
2024-09-29 13:14:58,850 [INFO] PluginManage:310 - Check plugin lpbam
2024-09-29 13:14:58,855 [INFO] PluginManage:359 - Loaded plugin lpbam (category:base,tabindex:0)
2024-09-29 13:14:58,855 [INFO] PluginManage:310 - Check plugin memorymap
2024-09-29 13:14:58,861 [INFO] PluginManage:359 - Loaded plugin memorymap (category:base,tabindex:4)
2024-09-29 13:14:58,861 [INFO] PluginManage:310 - Check plugin pinoutandconfiguration
2024-09-29 13:14:58,865 [INFO] PluginManage:359 - Loaded plugin pinoutandconfiguration (category:base,tabindex:1)
2024-09-29 13:14:58,865 [INFO] PluginManage:310 - Check plugin pinoutconfig
2024-09-29 13:14:58,931 [WARN] SupportedApi:132 - Cannot load RTOS API schema: s4s-elt-must-match.1: The content of 'definitions' must match (annotation?, (simpleType | complexType)?, (unique | key | keyref)*)). A problem was found starting at: attribute.
2024-09-29 13:14:59,064 [INFO] PluginManage:359 - Loaded plugin pinoutconfig (category:base,tabindex:0)
2024-09-29 13:14:59,064 [INFO] PluginManage:310 - Check plugin power
2024-09-29 13:14:59,070 [INFO] PluginManage:359 - Loaded plugin power (category:power,tabindex:4)
2024-09-29 13:14:59,070 [INFO] PluginManage:310 - Check plugin projectmanager
2024-09-29 13:14:59,080 [INFO] PluginManage:359 - Loaded plugin projectmanager (category:projectmanager,tabindex:3)
2024-09-29 13:14:59,080 [INFO] PluginManage:310 - Check plugin thirdparty
2024-09-29 13:14:59,155 [INFO] PluginManage:359 - Loaded plugin thirdparty (category:base,tabindex:-1)
2024-09-29 13:14:59,155 [INFO] PluginManage:310 - Check plugin tools
2024-09-29 13:14:59,155 [WARN] IntegrityCheckThread:84 - waiting for thirdparty lock release [integrity check]
2024-09-29 13:14:59,155 [INFO] IntegrityCheckThread:86 - entering critical section [integrity check]
2024-09-29 13:14:59,156 [INFO] ThirdPartyUpdaterWithRetryManager:70 - Updater plugin not ready yet. [1/15]
2024-09-29 13:14:59,156 [INFO] PluginManage:359 - Loaded plugin tools (category:base,tabindex:7)
2024-09-29 13:14:59,157 [INFO] PluginManage:310 - Check plugin tutovideos
2024-09-29 13:14:59,262 [INFO] PluginManage:359 - Loaded plugin tutovideos (category:base,tabindex:-1)
2024-09-29 13:14:59,262 [INFO] PluginManage:310 - Check plugin updater
2024-09-29 13:14:59,271 [INFO] PluginManage:359 - Loaded plugin updater (category:base,tabindex:12)
2024-09-29 13:14:59,272 [INFO] PluginManage:310 - Check plugin userauth
2024-09-29 13:14:59,277 [INFO] UserAuth:114 - Init User Auth plugin
2024-09-29 13:14:59,277 [INFO] PluginManage:359 - Loaded plugin userauth (category:base,tabindex:14)
2024-09-29 13:14:59,278 [INFO] PluginManage:283 - PluginManage : Loaded plugins [17]
2024-09-29 13:14:59,431 [INFO] PinOutPanel:1561 - setPackage(No Configuration,No Configuration)
2024-09-29 13:14:59,469 [INFO] CADModel:165 - CPN selected for project level
2024-09-29 13:14:59,469 [INFO] CADModel:114 - Register for checkConnection events
2024-09-29 13:14:59,476 [INFO] IPUIPlugin:80 - create IPUIPlugin
2024-09-29 13:14:59,477 [INFO] PluginManager:220 - loadIPPluginJar : add lorawan
2024-09-29 13:14:59,480 [INFO] IPUIPlugin:80 - create IPUIPlugin
2024-09-29 13:14:59,482 [INFO] PluginManager:220 - loadIPPluginJar : add plateformsettings
2024-09-29 13:14:59,484 [INFO] IPUIPlugin:80 - create IPUIPlugin
2024-09-29 13:14:59,484 [INFO] PluginManager:220 - loadIPPluginJar : add gpio
2024-09-29 13:14:59,485 [INFO] IPUIPlugin:80 - create IPUIPlugin
2024-09-29 13:14:59,485 [INFO] PluginManager:220 - loadIPPluginJar : add spi
2024-09-29 13:14:59,487 [INFO] IPUIPlugin:80 - create IPUIPlugin
2024-09-29 13:14:59,487 [INFO] PluginManager:220 - loadIPPluginJar : add can
2024-09-29 13:14:59,488 [INFO] IPUIPlugin:80 - create IPUIPlugin
2024-09-29 13:14:59,488 [INFO] PluginManager:220 - loadIPPluginJar : add i3c
2024-09-29 13:14:59,489 [INFO] IPUIPlugin:80 - create IPUIPlugin
2024-09-29 13:14:59,489 [INFO] PluginManager:220 - loadIPPluginJar : add hash
2024-09-29 13:14:59,490 [INFO] IPUIPlugin:80 - create IPUIPlugin
2024-09-29 13:14:59,490 [INFO] PluginManager:220 - loadIPPluginJar : add ltdc
2024-09-29 13:14:59,491 [INFO] IPUIPlugin:80 - create IPUIPlugin
2024-09-29 13:14:59,491 [INFO] PluginManager:220 - loadIPPluginJar : add genericplugin
2024-09-29 13:14:59,492 [INFO] IPUIPlugin:80 - create IPUIPlugin
2024-09-29 13:14:59,492 [INFO] PluginManager:220 - loadIPPluginJar : add tim
2024-09-29 13:14:59,493 [INFO] IPUIPlugin:80 - create IPUIPlugin
2024-09-29 13:14:59,493 [INFO] PluginManager:220 - loadIPPluginJar : add usbx
2024-09-29 13:14:59,494 [INFO] IPUIPlugin:80 - create IPUIPlugin
2024-09-29 13:14:59,494 [INFO] PluginManager:220 - loadIPPluginJar : add fatfs
2024-09-29 13:14:59,495 [INFO] IPUIPlugin:80 - create IPUIPlugin
2024-09-29 13:14:59,496 [INFO] PluginManager:220 - loadIPPluginJar : add touchsensing
2024-09-29 13:14:59,496 [INFO] IPUIPlugin:80 - create IPUIPlugin
2024-09-29 13:14:59,497 [INFO] PluginManager:220 - loadIPPluginJar : add dma3
2024-09-29 13:14:59,497 [INFO] IPUIPlugin:80 - create IPUIPlugin
2024-09-29 13:14:59,497 [INFO] PluginManager:220 - loadIPPluginJar : add tsc
2024-09-29 13:14:59,499 [INFO] IPUIPlugin:80 - create IPUIPlugin
2024-09-29 13:14:59,499 [INFO] PluginManager:220 - loadIPPluginJar : add nvic
2024-09-29 13:14:59,500 [INFO] IPUIPlugin:80 - create IPUIPlugin
2024-09-29 13:14:59,500 [INFO] PluginManager:220 - loadIPPluginJar : add ucpd
2024-09-29 13:14:59,505 [INFO] IPUIPlugin:80 - create IPUIPlugin
2024-09-29 13:14:59,505 [INFO] PluginManager:220 - loadIPPluginJar : add adc
2024-09-29 13:14:59,506 [INFO] IPUIPlugin:80 - create IPUIPlugin
2024-09-29 13:14:59,506 [INFO] PluginManager:220 - loadIPPluginJar : add extmemmanager
2024-09-29 13:14:59,507 [INFO] IPUIPlugin:80 - create IPUIPlugin
2024-09-29 13:14:59,507 [INFO] PluginManager:220 - loadIPPluginJar : add ts
2024-09-29 13:14:59,508 [INFO] IPUIPlugin:80 - create IPUIPlugin
2024-09-29 13:14:59,508 [INFO] PluginManager:220 - loadIPPluginJar : add tracer_emb
2024-09-29 13:14:59,509 [INFO] IPUIPlugin:80 - create IPUIPlugin
2024-09-29 13:14:59,509 [INFO] PluginManager:220 - loadIPPluginJar : add i2c
2024-09-29 13:14:59,510 [INFO] IPUIPlugin:80 - create IPUIPlugin
2024-09-29 13:14:59,510 [INFO] PluginManager:220 - loadIPPluginJar : add openamp
2024-09-29 13:14:59,515 [INFO] IPUIPlugin:80 - create IPUIPlugin
2024-09-29 13:14:59,515 [INFO] PluginManager:220 - loadIPPluginJar : add linkedlist
2024-09-29 13:14:59,517 [INFO] IPUIPlugin:80 - create IPUIPlugin
2024-09-29 13:14:59,517 [INFO] PluginManager:220 - loadIPPluginJar : add usart
2024-09-29 13:14:59,518 [INFO] IPUIPlugin:80 - create IPUIPlugin
2024-09-29 13:14:59,518 [INFO] PluginManager:220 - loadIPPluginJar : add i2s
2024-09-29 13:14:59,519 [INFO] IPUIPlugin:80 - create IPUIPlugin
2024-09-29 13:14:59,519 [INFO] PluginManager:220 - loadIPPluginJar : add gfxmmu
2024-09-29 13:14:59,519 [INFO] IPUIPlugin:80 - create IPUIPlugin
2024-09-29 13:14:59,519 [INFO] PluginManager:220 - loadIPPluginJar : add quadspi
2024-09-29 13:14:59,522 [INFO] IPUIPlugin:80 - create IPUIPlugin
2024-09-29 13:14:59,522 [INFO] PluginManager:220 - loadIPPluginJar : add fmc
2024-09-29 13:14:59,525 [INFO] IPUIPlugin:80 - create IPUIPlugin
2024-09-29 13:14:59,525 [INFO] PluginManager:220 - loadIPPluginJar : add stm32_wpan
2024-09-29 13:14:59,527 [INFO] IPUIPlugin:80 - create IPUIPlugin
2024-09-29 13:14:59,527 [INFO] PluginManager:220 - loadIPPluginJar : add resmgrutility
2024-09-29 13:14:59,529 [INFO] IPUIPlugin:80 - create IPUIPlugin
2024-09-29 13:14:59,529 [INFO] PluginManager:220 - loadIPPluginJar : add gtzc
2024-09-29 13:14:59,530 [INFO] IPUIPlugin:80 - create IPUIPlugin
2024-09-29 13:14:59,530 [INFO] PluginManager:220 - loadIPPluginJar : add cryp
2024-09-29 13:14:59,531 [INFO] IPUIPlugin:80 - create IPUIPlugin
2024-09-29 13:14:59,531 [INFO] PluginManager:220 - loadIPPluginJar : add dfsdm
2024-09-29 13:14:59,532 [INFO] IPUIPlugin:80 - create IPUIPlugin
2024-09-29 13:14:59,532 [INFO] PluginManager:220 - loadIPPluginJar : add opamp
2024-09-29 13:14:59,535 [INFO] IPUIPlugin:80 - create IPUIPlugin
2024-09-29 13:14:59,535 [INFO] PluginManager:220 - loadIPPluginJar : add freertos
2024-09-29 13:14:59,538 [INFO] IPUIPlugin:80 - create IPUIPlugin
2024-09-29 13:14:59,538 [INFO] PluginManager:220 - loadIPPluginJar : add ipddr
2024-09-29 13:14:59,540 [INFO] IPUIPlugin:80 - create IPUIPlugin
2024-09-29 13:14:59,540 [INFO] PluginManager:220 - loadIPPluginJar : add sai
2024-09-29 13:14:59,543 [INFO] IPUIPlugin:80 - create IPUIPlugin
2024-09-29 13:14:59,543 [INFO] PluginManager:220 - loadIPPluginJar : add mdma
2024-09-29 13:14:59,546 [INFO] IPUIPlugin:80 - create IPUIPlugin
2024-09-29 13:14:59,546 [INFO] PluginManager:220 - loadIPPluginJar : add gic
2024-09-29 13:14:59,550 [INFO] IPUIPlugin:80 - create IPUIPlugin
2024-09-29 13:14:59,550 [INFO] PluginManager:220 - loadIPPluginJar : add dma
2024-09-29 13:14:59,551 [INFO] IPUIPlugin:80 - create IPUIPlugin
2024-09-29 13:14:59,551 [INFO] PluginManager:220 - loadIPPluginJar : add aes
2024-09-29 13:14:59,552 [INFO] IPUIPlugin:80 - create IPUIPlugin
2024-09-29 13:14:59,552 [INFO] PluginManager:220 - loadIPPluginJar : add comp
2024-09-29 13:14:59,553 [INFO] IPUIPlugin:80 - create IPUIPlugin
2024-09-29 13:14:59,553 [INFO] PluginManager:220 - loadIPPluginJar : add pdm2pcm
2024-09-29 13:14:59,647 [INFO] CADModel:165 - CPN selected for project level
2024-09-29 13:14:59,647 [INFO] CADModel:114 - Register for checkConnection events
2024-09-29 13:14:59,647 [FATAL] Updater:308 - Updater called before beeing initialized
2024-09-29 13:14:59,647 [ERROR] CADModel:125 - Updater not yet initialized, retry later 
2024-09-29 13:14:59,735 [INFO] CADModel:165 - CPN selected for project level
2024-09-29 13:14:59,735 [INFO] CADModel:114 - Register for checkConnection events
2024-09-29 13:14:59,735 [FATAL] Updater:308 - Updater called before beeing initialized
2024-09-29 13:14:59,735 [ERROR] CADModel:125 - Updater not yet initialized, retry later 
2024-09-29 13:14:59,738 [FATAL] Updater:308 - Updater called before beeing initialized
2024-09-29 13:14:59,808 [FATAL] Updater:308 - Updater called before beeing initialized
2024-09-29 13:14:59,812 [INFO] DbMcusAds:53 - JSON generation date=Fri Sep 20 07:04:23 MDT 2024 (1726837463113)
2024-09-29 13:14:59,812 [FATAL] Updater:308 - Updater called before beeing initialized
2024-09-29 13:14:59,839 [WARN] DetailPanel:346 - Failed to get advertising image, set to default
2024-09-29 13:14:59,914 [FATAL] Updater:308 - Updater called before beeing initialized
2024-09-29 13:14:59,916 [FATAL] Updater:308 - Updater called before beeing initialized
2024-09-29 13:14:59,916 [FATAL] Updater:308 - Updater called before beeing initialized
2024-09-29 13:14:59,916 [WARN] DetailPanel:346 - Failed to get advertising image, set to default
2024-09-29 13:14:59,916 [FATAL] Updater:308 - Updater called before beeing initialized
2024-09-29 13:14:59,935 [ERROR] Updater:1120 - MainUpdater not yet initialized. External WinMGr cannot be set.
2024-09-29 13:14:59,936 [INFO] Updater:1056 - Updater Version found : 6.11.1
2024-09-29 13:14:59,948 [INFO] ApplicationProperties:184 - Using Application install path: /opt/st/stm32cubeide_1.15.1/plugins/com.st.stm32cube.common.mx_6.11.1.202404110753
2024-09-29 13:15:00,155 [INFO] MainUpdater:2873 - connection check result : 10
2024-09-29 13:15:00,156 [INFO] MainUpdater:290 - Updater Check For Update Now.
2024-09-29 13:15:00,156 [INFO] MicroXplorer:498 - Change Database Version : DB.6.0.111
2024-09-29 13:15:00,159 [INFO] McuFinderGlobals:63 - Set McuFinder mode to 2 (CubeIDE integrated)
2024-09-29 13:15:00,163 [INFO] UserAuth:415 - Internet connection configuration mode: 1
2024-09-29 13:15:00,169 [INFO] JxBrowserEngine:152 - Initiate JxBrowser Engine with user profile folder
2024-09-29 13:15:00,317 [INFO] CheckServerUpdateThread:120 - End of CheckServer Thread
2024-09-29 13:15:00,619 [INFO] WebApp:161 - Instantiating new browser for Auth
2024-09-29 13:15:00,981 [INFO] WebApp:779 - Register for checkConnection events
2024-09-29 13:15:00,981 [INFO] WebApp:414 - Apply proxy settings
2024-09-29 13:15:00,981 [INFO] WebApp:499 - Chromium requires no authentication
2024-09-29 13:15:00,985 [INFO] WebApp:442 - Direct internet connection detected
2024-09-29 13:15:01,072 [INFO] WebApp:192 - Starting web application
2024-09-29 13:15:01,072 [INFO] WebApp:544 - Web application path used /opt/st/stm32cubeide_1.15.1/plugins/com.st.stm32cube.common.mx_6.11.1.202404110753/db/plugins/mcufinder/reactClient1/index.html
2024-09-29 13:15:02,248 [WARN] PackLoader:240 - Cannot read IP mode file for STMicroelectronics.FP-SNS-MOTENVWB1.1.4.0
2024-09-29 13:15:02,257 [WARN] PackLoader:240 - Cannot read IP mode file for STMicroelectronics.X-CUBE-SMBUS.2.1.0
2024-09-29 13:15:02,285 [WARN] PackLoader:240 - Cannot read IP mode file for STMicroelectronics.X-CUBE-AZRTOS-F7.1.1.0
2024-09-29 13:15:02,355 [WARN] PackLoader:240 - Cannot read IP mode file for STMicroelectronics.X-CUBE-MEMS1.11.0.0
2024-09-29 13:15:02,478 [WARN] PackLoader:240 - Cannot read IP mode file for STMicroelectronics.FP-SNS-FLIGHT1.5.0.2
2024-09-29 13:15:02,485 [WARN] PackLoader:240 - Cannot read IP mode file for STMicroelectronics.X-CUBE-DISPLAY.3.0.0
2024-09-29 13:15:02,492 [WARN] PackLoader:240 - Cannot read IP mode file for STMicroelectronics.X-CUBE-BLE1.7.0.0
2024-09-29 13:15:02,497 [WARN] PackLoader:240 - Cannot read IP mode file for STMicroelectronics.X-CUBE-NFC10.1.0.0
2024-09-29 13:15:02,502 [WARN] PackLoader:240 - Cannot read IP mode file for emotas.I-CUBE-CANOPEN.1.3.0
2024-09-29 13:15:02,510 [WARN] PackLoader:240 - Cannot read IP mode file for STMicroelectronics.X-CUBE-BLEMGR.3.1.0
2024-09-29 13:15:02,515 [WARN] PackLoader:240 - Cannot read IP mode file for STMicroelectronics.FP-SNS-SMARTAG2.1.2.0
2024-09-29 13:15:02,521 [INFO] LogOutputStream:77 - [STDOUT_REDIRECT] 1 : Invalid condition id : UX_CORESTACK_Condition cause : null
2024-09-29 13:15:02,522 [INFO] LogOutputStream:77 - [STDOUT_REDIRECT] 1 : Invalid condition id : UX_CORESTACK_Condition cause : null
2024-09-29 13:15:02,522 [INFO] LogOutputStream:77 - [STDOUT_REDIRECT] 1 : Invalid condition id : UX_CORESTACK_Condition cause : null
2024-09-29 13:15:02,522 [INFO] LogOutputStream:77 - [STDOUT_REDIRECT] 1 : Invalid condition id : UX_CORESTACK_Condition cause : null
2024-09-29 13:15:02,522 [INFO] LogOutputStream:77 - [STDOUT_REDIRECT] 1 : Invalid condition id : UX_CORESTACK_Condition cause : null
2024-09-29 13:15:02,526 [WARN] PackLoader:240 - Cannot read IP mode file for STMicroelectronics.X-CUBE-AZRTOS-WL.2.0.0
2024-09-29 13:15:02,530 [WARN] PackLoader:240 - Cannot read IP mode file for STMicroelectronics.FP-SNS-MOTENV1.5.0.0
2024-09-29 13:15:02,533 [WARN] PackLoader:240 - Cannot read IP mode file for wolfSSL.I-CUBE-wolfMQTT.1.19.0
2024-09-29 13:15:02,538 [WARN] PackLoader:240 - Cannot read IP mode file for WES.I-CUBE-Cesium.1.3.0
2024-09-29 13:15:02,541 [WARN] PackLoader:240 - Cannot read IP mode file for STMicroelectronics.X-CUBE-BLE2.3.3.0
2024-09-29 13:15:02,547 [WARN] PackLoader:240 - Cannot read IP mode file for STMicroelectronics.X-CUBE-NFC9.1.0.0
2024-09-29 13:15:02,553 [WARN] PackLoader:240 - Cannot read IP mode file for STMicroelectronics.X-CUBE-TCPP.4.1.0
2024-09-29 13:15:02,564 [WARN] PackLoader:240 - Cannot read IP mode file for STMicroelectronics.X-CUBE-AZRTOS-G0.1.1.0
2024-09-29 13:15:02,573 [WARN] PackLoader:240 - Cannot read IP mode file for STMicroelectronics.X-CUBE-SAFEA1.1.2.2
2024-09-29 13:15:02,577 [WARN] PackLoader:240 - Cannot read IP mode file for STMicroelectronics.X-CUBE-NFC4.3.0.0
2024-09-29 13:15:02,583 [WARN] PackLoader:240 - Cannot read IP mode file for EmbeddedOffice.I-CUBE-FS-RTOS.1.0.1
2024-09-29 13:15:02,584 [ERROR] ConditionMgr:805 - Attr not supported : Dmpu
2024-09-29 13:15:02,584 [ERROR] ConditionMgr:805 - Attr not supported : Dmpu
2024-09-29 13:15:02,584 [ERROR] ConditionMgr:805 - Attr not supported : Dmpu
2024-09-29 13:15:02,584 [ERROR] ConditionMgr:805 - Attr not supported : Dmpu
2024-09-29 13:15:02,584 [ERROR] ConditionMgr:805 - Attr not supported : Dmpu
2024-09-29 13:15:02,584 [ERROR] ConditionMgr:805 - Attr not supported : Dmpu
2024-09-29 13:15:02,584 [ERROR] ConditionMgr:805 - Attr not supported : Dmpu
2024-09-29 13:15:02,584 [ERROR] ConditionMgr:805 - Attr not supported : Dmpu
2024-09-29 13:15:02,584 [ERROR] ConditionMgr:805 - Attr not supported : Dmpu
2024-09-29 13:15:02,584 [ERROR] ConditionMgr:805 - Attr not supported : Dmpu
2024-09-29 13:15:02,584 [ERROR] ConditionMgr:805 - Attr not supported : Dmpu
2024-09-29 13:15:02,584 [ERROR] ConditionMgr:805 - Attr not supported : Dmpu
2024-09-29 13:15:02,584 [ERROR] ConditionMgr:805 - Attr not supported : Dmpu
2024-09-29 13:15:02,584 [ERROR] ConditionMgr:805 - Attr not supported : Dmpu
2024-09-29 13:15:02,584 [ERROR] ConditionMgr:805 - Attr not supported : Dmpu
2024-09-29 13:15:02,584 [ERROR] ConditionMgr:805 - Attr not supported : Dmpu
2024-09-29 13:15:02,584 [ERROR] ConditionMgr:805 - Attr not supported : Dmpu
2024-09-29 13:15:02,584 [ERROR] ConditionMgr:805 - Attr not supported : Dmpu
2024-09-29 13:15:02,584 [ERROR] ConditionMgr:805 - Attr not supported : Dmpu
2024-09-29 13:15:02,584 [ERROR] ConditionMgr:805 - Attr not supported : Dmpu
2024-09-29 13:15:02,584 [ERROR] ConditionMgr:805 - Attr not supported : Dmpu
2024-09-29 13:15:02,585 [ERROR] ConditionMgr:805 - Attr not supported : Dmpu
2024-09-29 13:15:02,585 [ERROR] ConditionMgr:805 - Attr not supported : Dmpu
2024-09-29 13:15:02,585 [ERROR] ConditionMgr:805 - Attr not supported : Dmpu
2024-09-29 13:15:02,585 [ERROR] ConditionMgr:805 - Attr not supported : Dmpu
2024-09-29 13:15:02,585 [ERROR] ConditionMgr:805 - Attr not supported : Dmpu
2024-09-29 13:15:02,585 [ERROR] ConditionMgr:805 - Attr not supported : Dmpu
2024-09-29 13:15:02,585 [ERROR] ConditionMgr:805 - Attr not supported : Dmpu
2024-09-29 13:15:02,585 [ERROR] ConditionMgr:805 - Attr not supported : Dmpu
2024-09-29 13:15:02,585 [ERROR] ConditionMgr:805 - Attr not supported : Dmpu
2024-09-29 13:15:02,585 [ERROR] ConditionMgr:805 - Attr not supported : Dmpu
2024-09-29 13:15:02,585 [ERROR] ConditionMgr:805 - Attr not supported : Dmpu
2024-09-29 13:15:02,585 [ERROR] ConditionMgr:805 - Attr not supported : Dmpu
2024-09-29 13:15:02,585 [ERROR] ConditionMgr:805 - Attr not supported : Dmpu
2024-09-29 13:15:02,585 [ERROR] ConditionMgr:805 - Attr not supported : Dmpu
2024-09-29 13:15:02,585 [ERROR] ConditionMgr:805 - Attr not supported : Dmpu
2024-09-29 13:15:02,585 [ERROR] ConditionMgr:805 - Attr not supported : Dmpu
2024-09-29 13:15:02,585 [ERROR] ConditionMgr:805 - Attr not supported : Dmpu
2024-09-29 13:15:02,585 [ERROR] ConditionMgr:805 - Attr not supported : Dmpu
2024-09-29 13:15:02,585 [ERROR] ConditionMgr:805 - Attr not supported : Dmpu
2024-09-29 13:15:02,586 [ERROR] ConditionMgr:805 - Attr not supported : Dmpu
2024-09-29 13:15:02,586 [ERROR] ConditionMgr:805 - Attr not supported : Dmpu
2024-09-29 13:15:02,586 [ERROR] ConditionMgr:805 - Attr not supported : Dmpu
2024-09-29 13:15:02,586 [ERROR] ConditionMgr:805 - Attr not supported : Dmpu
2024-09-29 13:15:02,586 [ERROR] ConditionMgr:805 - Attr not supported : Dmpu
2024-09-29 13:15:02,586 [ERROR] ConditionMgr:805 - Attr not supported : Dmpu
2024-09-29 13:15:02,586 [ERROR] ConditionMgr:805 - Attr not supported : Dmpu
2024-09-29 13:15:02,586 [ERROR] ConditionMgr:805 - Attr not supported : Dmpu
2024-09-29 13:15:02,586 [ERROR] ConditionMgr:805 - Attr not supported : Dmpu
2024-09-29 13:15:02,586 [ERROR] ConditionMgr:805 - Attr not supported : Dmpu
2024-09-29 13:15:02,586 [ERROR] ConditionMgr:805 - Attr not supported : Dmpu
2024-09-29 13:15:02,586 [ERROR] ConditionMgr:805 - Attr not supported : Dmpu
2024-09-29 13:15:02,586 [ERROR] ConditionMgr:805 - Attr not supported : Dmpu
2024-09-29 13:15:02,587 [ERROR] ConditionMgr:805 - Attr not supported : Dmpu
2024-09-29 13:15:02,587 [ERROR] ConditionMgr:805 - Attr not supported : Dmpu
2024-09-29 13:15:02,587 [ERROR] ConditionMgr:805 - Attr not supported : Dmpu
2024-09-29 13:15:02,587 [ERROR] ConditionMgr:805 - Attr not supported : Dmpu
2024-09-29 13:15:02,587 [ERROR] ConditionMgr:805 - Attr not supported : Dmpu
2024-09-29 13:15:02,587 [ERROR] ConditionMgr:805 - Attr not supported : Dmpu
2024-09-29 13:15:02,587 [ERROR] ConditionMgr:805 - Attr not supported : Dmpu
2024-09-29 13:15:02,587 [ERROR] ConditionMgr:805 - Attr not supported : Dmpu
2024-09-29 13:15:02,587 [ERROR] ConditionMgr:805 - Attr not supported : Dmpu
2024-09-29 13:15:02,587 [ERROR] ConditionMgr:805 - Attr not supported : Dmpu
2024-09-29 13:15:02,587 [ERROR] ConditionMgr:805 - Attr not supported : Dmpu
2024-09-29 13:15:02,590 [WARN] PackLoader:240 - Cannot read IP mode file for RealThread.X-CUBE-RT-Thread_Nano.4.1.1
2024-09-29 13:15:02,591 [WARN] PackLoader:240 - Cannot read IP mode file for STMicroelectronics.FP-ATR-SIGFOX1.3.2.0
2024-09-29 13:15:02,593 [WARN] PackLoader:240 - Cannot read IP mode file for wolfSSL.I-CUBE-wolfSSL.5.7.2
2024-09-29 13:15:02,596 [WARN] PackLoader:240 - Cannot read IP mode file for STMicroelectronics.X-CUBE-EEPRMA1.5.1.0
2024-09-29 13:15:02,599 [WARN] PackLoader:240 - Cannot read IP mode file for ITTIA_DB.I-CUBE-ITTIADB.8.9.0
2024-09-29 13:15:02,619 [WARN] PackLoader:240 - Cannot read IP mode file for SEGGER.I-CUBE-embOS.1.3.1
2024-09-29 13:15:02,649 [WARN] PackLoader:240 - Cannot read IP mode file for STMicroelectronics.X-CUBE-ALGOBUILD.1.4.0
2024-09-29 13:15:02,661 [WARN] PackLoader:240 - Cannot read IP mode file for STMicroelectronics.X-CUBE-AZRTOS-F4.1.1.0
2024-09-29 13:15:02,664 [WARN] PackLoader:240 - Cannot read IP mode file for STMicroelectronics.X-CUBE-ISPU.2.1.0
2024-09-29 13:15:02,667 [WARN] PackLoader:240 - Cannot read IP mode file for STMicroelectronics.X-CUBE-FREERTOS.1.2.0
2024-09-29 13:15:02,676 [WARN] PackLoader:240 - Cannot read IP mode file for STMicroelectronics.X-CUBE-AZRTOS-L5.2.0.0
2024-09-29 13:15:02,681 [WARN] PackLoader:240 - Cannot read IP mode file for STMicroelectronics.X-CUBE-NFC6.3.1.0
2024-09-29 13:15:02,685 [WARN] PackLoader:240 - Cannot read IP mode file for STMicroelectronics.X-CUBE-DPower.1.2.0
2024-09-29 13:15:02,687 [WARN] PackLoader:240 - Cannot read IP mode file for STMicroelectronics.X-CUBE-AI.9.0.0
2024-09-29 13:15:02,689 [WARN] PackLoader:240 - Cannot read IP mode file for STMicroelectronics.X-CUBE-NFC7.1.0.1
2024-09-29 13:15:02,700 [WARN] ConditionMgr:438 - getConditionDescription Invalid condition id : LAN8742 Phy interface Condition cause : null
2024-09-29 13:15:02,700 [WARN] PackLoader:240 - Cannot read IP mode file for STMicroelectronics.X-CUBE-AZRTOS-L4.2.0.0
2024-09-29 13:15:02,701 [WARN] ConditionMgr:1039 - genDependencies : Invalid condition id : LAN8742 Phy interface Condition cause : null
2024-09-29 13:15:02,701 [WARN] ConditionMgr:1039 - genDependencies : Invalid condition id : LAN8742 Phy interface Condition cause : null
2024-09-29 13:15:02,702 [WARN] ConditionMgr:1039 - genDependencies : Invalid condition id : LAN8742 Phy interface Condition cause : null
2024-09-29 13:15:02,706 [WARN] PackLoader:240 - Cannot read IP mode file for STMicroelectronics.X-CUBE-SFXS2LP1.4.0.0
2024-09-29 13:15:02,721 [WARN] PackLoader:240 - Cannot read IP mode file for STMicroelectronics.X-CUBE-AZRTOS-H7.3.3.0
2024-09-29 13:15:02,730 [WARN] ConditionMgr:438 - getConditionDescription Invalid condition id : UX DEVICE CLASS RTOS Condition cause : null
2024-09-29 13:15:02,731 [WARN] ConditionMgr:438 - getConditionDescription Invalid condition id : UX DEVICE CLASS RTOS Condition cause : null
2024-09-29 13:15:02,732 [WARN] PackLoader:240 - Cannot read IP mode file for STMicroelectronics.X-CUBE-AZRTOS-WB.2.0.0
2024-09-29 13:15:02,732 [WARN] ConditionMgr:1039 - genDependencies : Invalid condition id : UX DEVICE CLASS RTOS Condition cause : null
2024-09-29 13:15:02,732 [WARN] ConditionMgr:1039 - genDependencies : Invalid condition id : UX DEVICE CLASS RTOS Condition cause : null
2024-09-29 13:15:02,733 [WARN] ConditionMgr:1039 - genDependencies : Invalid condition id : UX DEVICE CLASS RTOS Condition cause : null
2024-09-29 13:15:02,733 [WARN] ConditionMgr:1039 - genDependencies : Invalid condition id : UX DEVICE CLASS RTOS Condition cause : null
2024-09-29 13:15:02,733 [WARN] ConditionMgr:1039 - genDependencies : Invalid condition id : UX DEVICE CLASS RTOS Condition cause : null
2024-09-29 13:15:02,736 [WARN] PackLoader:240 - Cannot read IP mode file for STMicroelectronics.X-CUBE-GNSS1.7.0.0
2024-09-29 13:15:02,740 [WARN] PackLoader:240 - Cannot read IP mode file for STMicroelectronics.FP-SNS-STBOX1.2.0.0
2024-09-29 13:15:02,747 [WARN] PackLoader:240 - Cannot read IP mode file for STMicroelectronics.X-CUBE-SUBG2.5.0.0
2024-09-29 13:15:02,752 [WARN] PackLoader:240 - Cannot read IP mode file for Cesanta.I-CUBE-Mongoose.7.13.0
2024-09-29 13:15:02,761 [WARN] PackLoader:240 - Cannot read IP mode file for STMicroelectronics.X-CUBE-AZRTOS-G4.2.0.0
2024-09-29 13:15:02,765 [WARN] PackLoader:240 - Cannot read IP mode file for STMicroelectronics.X-CUBE-ALS.1.0.2
2024-09-29 13:15:02,768 [WARN] PackLoader:240 - Cannot read IP mode file for STMicroelectronics.X-CUBE-TOUCHGFX.4.24.1
2024-09-29 13:15:02,769 [WARN] PackLoader:240 - Cannot read IP mode file for wolfSSL.I-CUBE-wolfTPM.3.4.0
2024-09-29 13:15:02,771 [WARN] PackLoader:240 - Cannot read IP mode file for portGmbH.I-Cube-SoM-uGOAL.1.1.0
2024-09-29 13:15:02,781 [WARN] PackLoader:240 - Cannot read IP mode file for STMicroelectronics.X-CUBE-AZRTOS-H7RS.1.0.0
2024-09-29 13:15:02,785 [WARN] PackLoader:240 - Cannot read IP mode file for STMicroelectronics.FP-ATR-ASTRA1.2.0.0
2024-09-29 13:15:02,792 [WARN] PackLoader:240 - Cannot read IP mode file for STMicroelectronics.X-CUBE-TOF1.3.4.2
2024-09-29 13:15:02,815 [WARN] PackLoader:240 - Cannot read IP mode file for Infineon.AIROC-Wi-Fi-Bluetooth-STM32.1.6.1
2024-09-29 13:15:02,821 [WARN] PackLoader:240 - Cannot read IP mode file for wolfSSL.I-CUBE-wolfSSH.1.4.17
2024-09-29 13:15:02,821 [INFO] ThirdParty:978 - Integrity check success = true
2024-09-29 13:15:02,821 [INFO] IntegrityCheckThread:100 - exiting critical section [integrity check]
2024-09-29 13:15:02,821 [INFO] IntegrityCheckThread:103 - End integrity checks thread
2024-09-29 13:16:30,965 [ERROR] AdobePublisher:162 - Exception while opening the connection: java.net.ConnectException: Connection refused
2024-09-29 13:16:30,966 [ERROR] AdobePublisher:162 - Exception while opening the connection: java.net.ConnectException: Connection refused
2024-09-29 13:16:30,966 [ERROR] AdobePublisher:162 - Exception while opening the connection: java.net.ConnectException: Connection refused
2024-09-29 13:16:30,966 [ERROR] AdobePublisher:162 - Exception while opening the connection: java.net.ConnectException: Connection refused
2024-09-29 13:16:30,967 [ERROR] AdobePublisher:162 - Exception while opening the connection: java.net.ConnectException: Connection refused
2024-09-29 13:16:30,975 [ERROR] AdobePublisher:162 - Exception while opening the connection: java.net.ConnectException: Connection refused
2024-09-29 13:16:30,975 [ERROR] AdobePublisher:162 - Exception while opening the connection: java.net.ConnectException: Connection refused
2024-09-29 13:16:30,976 [ERROR] AdobePublisher:162 - Exception while opening the connection: java.net.ConnectException: Connection refused
2024-09-29 13:16:30,976 [ERROR] AdobePublisher:162 - Exception while opening the connection: java.net.ConnectException: Connection refused
2024-09-29 13:16:30,976 [ERROR] AdobePublisher:162 - Exception while opening the connection: java.net.ConnectException: Connection refused
2024-09-29 13:16:31,363 [ERROR] LogOutputStream:75 - [STDERR_REDIRECT] 
